<?xml version="1.0" encoding="UTF-8"?>
<testng-results ignored="0" total="1" passed="1" failed="0" skipped="0">
  <reporter-output>
  </reporter-output>
  <suite started-at="2023-09-16T16:44:08 IST" name="Default suite" finished-at="2023-09-16T16:44:10 IST" duration-ms="1883">
    <groups>
    </groups>
    <test started-at="2023-09-16T16:44:08 IST" name="Default test" finished-at="2023-09-16T16:44:10 IST" duration-ms="1883">
      <class name="Day6.JsonSchemaValidation">
        <test-method signature="jsonschemavalidation()[pri:0, instance:Day6.JsonSchemaValidation@59505b48]" started-at="2023-09-16T16:44:08 IST" name="jsonschemavalidation" finished-at="2023-09-16T16:44:10 IST" duration-ms="1826" status="PASS">
          <reporter-output>
          </reporter-output>
        </test-method> <!-- jsonschemavalidation -->
      </class> <!-- Day6.JsonSchemaValidation -->
    </test> <!-- Default test -->
  </suite> <!-- Default suite -->
</testng-results>
